<?xml version="1.0" encoding="utf-8"?><testsuites name="pytest tests"><testsuite name="pytest" errors="0" failures="0" skipped="2" tests="281" time="143.304" timestamp="2026-09-12T15:31:11.153092-06:00" hostname="DESKTOP-2D7FBUQ"><testcase classname="tests.test_agent_guidance_static" name="test_agent_guidance_matches_live_paths_and_execution_policy" time="0.014" /><testcase classname="tests.test_cache_depletion_guard.TestFillTriggered" name="test_fill_triggered_order" time="0.019" /><testcase classname="tests.test_agent_guidance_static" name="test_guidance_accepts_unavailable_cache_and_runtime_fallback" time="0.017" /><testcase classname="tests.test_cache_depletion_guard.TestFillSkippedCooldown" name="test_skipped_when_cooldown_active" time="0.010" /><testcase classname="tests.test_cache_depletion_guard.TestMissingCapacityBaseline" name="test_exits_nonzero_when_baseline_missing" time="0.008" /><testcase classname="tests.test_backend_availability_monitor" name="test_tcp_probe_success" time="0.006" /><testcase classname="tests.test_backend_availability_monitor" name="test_tcp_probe_failure" time="0.002" /><testcase classname="tests.test_cache_depletion_guard.TestMissingCapacityBaseline" name="test_main_exits_nonzero_when_baseline_missing" time="0.005" /><testcase classname="tests.test_backend_availability_monitor" name="test_http_get_success" time="0.001" /><testcase classname="tests.test_backend_availability_monitor" name="test_http_get_failure" time="0.001" /><testcase classname="tests.test_cache_integrity" name="test_atomic_replace_writes_valid_cache_manifest_and_backup_lineage" time="0.251" /><testcase classname="tests.test_backend_availability_monitor" name="test_record_backend_health" time="2.092" /><testcase classname="tests.test_cache_integrity" name="test_validate_cache_reports_malformed_lines_without_counting_them" time="0.010" /><testcase classname="tests.test_cache_integrity" name="test_quarantine_cache_moves_malformed_source_and_preserves_audit_metadata" time="0.065" /><testcase classname="tests.test_cache_integrity" name="test_verify_cache_is_read_only_and_returns_public_integrity_status" time="0.068" /><testcase classname="tests.test_cache_integrity" name="test_validate_cache_rejects_missing_cache" time="0.003" /><testcase classname="tests.test_cache_integrity" name="test_runtime_status_reports_verified_quantum_provenance_without_hash" time="0.090" /><testcase classname="tests.test_cache_integrity" name="test_verify_cache_cli_is_read_only_and_prints_status" time="0.130" /><testcase classname="tests.test_ci_exclusion_policy" name="test_default_pytest_configuration_does_not_deselect_slow_tests" time="0.001" /><testcase classname="tests.test_ci_exclusion_policy" name="test_ci_reports_conditional_skip_reasons" time="0.001" /><testcase classname="tests.test_ci_exclusion_policy" name="test_canonical_ci_command_reports_skip_reasons" time="0.002" /><testcase classname="tests.test_ci_exclusion_policy" name="test_canonical_ci_bounds_exactly_the_lih_test_with_reason_and_count" time="0.001" /><testcase classname="tests.test_ci_exclusion_policy" name="test_qiskit_eve_qber_uses_stable_small_sample_average" time="0.001" /><testcase classname="tests.test_ci_exclusion_policy" name="test_workspace_dependent_tests_are_explicitly_classified" time="0.002" /><testcase classname="tests.test_database_backup_inventory" name="test_committed_inventory_registers_canonical_encrypted_store" time="0.002" /><testcase classname="tests.test_database_backup_inventory" name="test_inventory_contains_key_reference_but_never_key_material" time="0.005" /><testcase classname="tests.test_database_backup_inventory" name="test_inventory_entries_are_configuration_driven" time="0.005" /><testcase classname="tests.test_database_backup_inventory" name="test_inventory_projects_new_entry_into_generic_backup_manifest" time="0.005" /><testcase classname="tests.test_database_backup_inventory" name="test_resolve_database_path_stays_within_project_root" time="0.003" /><testcase classname="tests.test_database_backup_inventory" name="test_inventory_rejects_unsafe_or_excluded_database_entries[entry0]" time="0.005" /><testcase classname="tests.test_database_backup_inventory" name="test_inventory_rejects_unsafe_or_excluded_database_entries[entry1]" time="0.010" /><testcase classname="tests.test_database_backup_inventory" name="test_inventory_rejects_unsafe_or_excluded_database_entries[entry2]" time="0.006" /><testcase classname="tests.test_database_backup_inventory" name="test_inventory_rejects_unsafe_or_excluded_database_entries[entry3]" time="0.005" /><testcase classname="tests.test_database_backup_inventory" name="test_inventory_rejects_unsafe_or_excluded_database_entries[entry4]" time="0.010" /><testcase classname="tests.test_fill_cache" name="test_persist_cache_fill_appends_to_live_cache_and_writes_backup" time="0.286" /><testcase classname="tests.test_fill_cache" name="test_persist_cache_fill_quarantines_malformed_live_cache_before_replacement" time="0.256" /><testcase classname="tests.test_fill_cache" name="test_main_starts_one_elapsed_timer_and_records_success_duration" time="0.002" /><testcase classname="tests.test_fill_cache" name="test_main_records_non_negative_elapsed_duration_for_completion_outcomes[dry-run]" time="0.003" /><testcase classname="tests.test_fill_cache" name="test_main_records_non_negative_elapsed_duration_for_completion_outcomes[zero-bits]" time="0.002" /><testcase classname="tests.test_fill_cache" name="test_main_records_non_negative_elapsed_duration_for_completion_outcomes[interruption]" time="0.002" /><testcase classname="tests.test_fill_cache" name="test_main_records_non_negative_elapsed_duration_for_completion_outcomes[exception]" time="0.003" /><testcase classname="tests.test_backend_availability_monitor" name="test_connection_uses_runtime_database_path_override" time="0.455" /><testcase classname="tests.test_bench_dashboard_health" name="test_load_backend_health_reads_latest_per_provider" time="0.478" /><testcase classname="tests.test_bench_dashboard_health" name="test_build_backend_health_section_renders_table" time="0.001" /><testcase classname="tests.test_benchmark_dashboard_playwright" name="test_dashboard_loads" time="0.000"><skipped type="pytest.skip" message="Dashboard HTML not generated — run bench_dashboard.py first">F:\⟨ψ⟩Quantum\.worktrees\fix-FR-20260912-federated-mermaid-transport-guardrails\tests\test_benchmark_dashboard_playwright.py:41: Dashboard HTML not generated — run bench_dashboard.py first</skipped></testcase><testcase classname="tests.test_benchmark_dashboard_playwright" name="test_dashboard_has_benchmark_content" time="0.001"><skipped type="pytest.skip" message="Dashboard HTML not generated — run bench_dashboard.py first">F:\⟨ψ⟩Quantum\.worktrees\fix-FR-20260912-federated-mermaid-transport-guardrails\tests\test_benchmark_dashboard_playwright.py:51: Dashboard HTML not generated — run bench_dashboard.py first</skipped></testcase><testcase classname="tests.test_benchmark_provenance" name="test_validate_manifest_accepts_versioned_complete_manifest" time="0.001" /><testcase classname="tests.test_benchmark_provenance" name="test_validate_manifest_rejects_missing_required_section" time="0.002" /><testcase classname="tests.test_benchmark_provenance" name="test_validate_manifest_rejects_missing_provenance_status" time="0.002" /><testcase classname="tests.test_benchmark_provenance" name="test_normalize_legacy_result_preserves_values_and_marks_unavailable_fields_null" time="0.002" /><testcase classname="tests.test_benchmark_provenance" name="test_every_benchmark_family_adapts_to_the_same_manifest[shor]" time="0.001" /><testcase classname="tests.test_benchmark_provenance" name="test_every_benchmark_family_adapts_to_the_same_manifest[vqe]" time="0.001" /><testcase classname="tests.test_benchmark_provenance" name="test_every_benchmark_family_adapts_to_the_same_manifest[qaoa]" time="0.001" /><testcase classname="tests.test_benchmark_provenance" name="test_every_benchmark_family_adapts_to_the_same_manifest[qec]" time="0.002" /><testcase classname="tests.test_benchmark_provenance" name="test_every_benchmark_family_adapts_to_the_same_manifest[quantum_kernel]" time="0.001" /><testcase classname="tests.test_fill_cache" name="test_run_fill_wired_through_retry_supervisor_records_ibm_job_status" time="2.763" /><testcase classname="tests.test_benchmark_provenance" name="test_persist_manifest_records_all_families_without_migrating_legacy_rows" time="2.445" /><testcase classname="tests.test_benchmark_replay" name="test_comparison_records_family_tolerance_version_and_status" time="0.002" /><testcase classname="tests.test_benchmark_replay" name="test_comparison_classifies_tolerance_failure_without_composite_score" time="0.001" /><testcase classname="tests.test_benchmark_replay" name="test_seeded_replay_is_repeatable_and_records_outcome" time="0.001" /><testcase classname="tests.test_benchmark_replay" name="test_runtime_capture_redacts_credentials_and_bounds_resubmission" time="0.002" /><testcase classname="tests.test_benchmark_replay" name="test_approved_runtime_resubmission_executes_bounded_callback" time="0.001" /><testcase classname="tests.test_benchmark_replay" name="test_runtime_resubmission_rejects_already_retried_failed_job" time="0.001" /><testcase classname="tests.test_fill_cache" name="test_run_fill_permanent_job_failure_raises_but_keeps_partial_success" time="23.995" /><testcase classname="tests.test_benchmark_replay" name="test_persist_replay_keeps_legacy_rows_and_stores_normalized_record" time="2.003" /><testcase classname="tests.test_bfx_orion_portal_server" name="test_launcher_script_exists" time="0.001" /><testcase classname="tests.test_bfx_orion_portal_server" name="test_portal_servers_json_has_port_8210" time="0.002" /><testcase classname="tests.test_bfx_orion_portal_server" name="test_portal_servers_quantum_entry_valid" time="0.001" /><testcase classname="tests.test_bfx_orion_portal_server" name="test_dashboard_json_quantum_benchmarks_living_html" time="0.001" /><testcase classname="tests.test_cache_depletion_guard.TestCheckOk" name="test_check_ok_logs_and_exits_zero" time="0.010" /><testcase classname="tests.test_cache_depletion_guard.TestFillTriggered" name="test_fill_triggered_calls_subprocess" time="0.010" /><testcase classname="tests.test_monthly_scheduler_db_race" name="test_monthly_quantum_schedules_use_host_mapping_utc_times" time="0.002" /><testcase classname="tests.test_monthly_scheduler_db_race" name="test_get_connection_sets_bounded_busy_timeout" time="0.349" /><testcase classname="tests.test_monthly_scheduler_db_race" name="test_run_guard_closes_db_before_spawning_early_fill" time="0.005" /><testcase classname="tests.test_orion_portrait.TestGetDailyPortrait" name="test_returns_path_for_each_mode[idle]" time="3.664" /><testcase classname="tests.test_orion_portrait.TestGetDailyPortrait" name="test_returns_path_for_each_mode[active]" time="36.523" /><testcase classname="tests.test_gen_benchmark_dashboard" name="test_load_replay_runs_keeps_ideal_and_noisy_rows_separate" time="1.827" /><testcase classname="tests.test_gen_benchmark_dashboard" name="test_build_replay_table_labels_modes_and_confidence_interval" time="0.001" /><testcase classname="tests.test_gen_benchmark_dashboard" name="test_build_normalized_replay_table_shows_family_status_without_composite_score" time="0.001" /><testcase classname="tests.test_gen_benchmark_dashboard" name="test_generate_html_exposes_vqe_geometry_ansatz_comparison" time="0.823" /><testcase classname="tests.test_gen_benchmark_dashboard" name="test_load_cache_widget_data_sorts_sparkline_points" time="0.009" /><testcase classname="tests.test_gen_benchmark_dashboard" name="test_load_cache_widget_data_includes_backup_fill_date" time="0.011" /><testcase classname="tests.test_gen_benchmark_dashboard" name="test_load_cache_widget_data_includes_public_integrity_status" time="0.087" /><testcase classname="tests.test_gitignore_portrait_fix.TestNoBareOutputRule" name="test_output_bare_not_in_gitignore" time="0.002" /><testcase classname="tests.test_gitignore_portrait_fix.TestQuantumWalkHtmlIgnored" name="test_quantum_walk_pattern_present" time="0.001" /><testcase classname="tests.test_gitignore_portrait_fix.TestGitkeepExists" name="test_gitkeep_file_exists" time="0.001" /><testcase classname="tests.test_gitignore_portrait_fix.TestImagesNotIgnored" name="test_no_rule_covers_output_images" time="0.001" /><testcase classname="tests.test_import_diagram_budgets_local" name="test_diagram_budgets_imports_from_local_quantum_utils" time="0.001" /><testcase classname="tests.test_init_db" name="test_init_db_closes_schema_connection_when_initialization_fails" time="0.002" /><testcase classname="tests.test_job_retry_supervisor" name="test_enqueue_batch_aer_and_ibm_jobs_creates_pending_rows" time="1.471" /><testcase classname="tests.test_job_retry_supervisor" name="test_job_succeeds_on_first_attempt" time="1.763" /><testcase classname="tests.test_job_retry_supervisor" name="test_job_retries_with_exponential_backoff_then_succeeds" time="1.919" /><testcase classname="tests.test_job_retry_supervisor" name="test_job_exhausts_retries_and_marks_failed" time="2.295" /><testcase classname="tests.test_job_retry_supervisor" name="test_default_backoff_schedule_is_1_4_16" time="1.849" /><testcase classname="tests.test_job_retry_supervisor" name="test_ibm_circuit_breaker_caps_real_backend_calls" time="2.048" /><testcase classname="tests.test_job_retry_supervisor" name="test_ibm_circuit_breaker_shared_across_multiple_jobs" time="2.065" /><testcase classname="tests.test_job_retry_supervisor" name="test_aer_jobs_are_not_subject_to_ibm_circuit_breaker" time="2.110" /><testcase classname="tests.test_job_retry_supervisor" name="test_invalid_backend_raises_value_error" time="1.713" /><testcase classname="tests.test_orion_portrait.TestGetDailyPortrait" name="test_returns_path_for_each_mode[result_ready]" time="1.891" /><testcase classname="tests.test_job_retry_supervisor" name="test_no_real_ibm_quantum_api_calls_are_ever_made" time="1.610" /><testcase classname="tests.test_mermaid_diagrams" name="test_quantum_mermaid_sources_preserve_traceability" time="0.021" /><testcase classname="tests.test_mermaid_diagrams" name="test_quantum_manifest_enumerates_sources_and_cache_integrity_lineage" time="0.008" /><testcase classname="tests.test_mermaid_diagrams" name="test_quantum_manifest_split_metadata_matches_measured_budget_contract" time="0.004" /><testcase classname="tests.test_orion_portrait.TestOrionConfigDb" name="test_returns_strings_for_each_mode[result_ready]" time="0.694" /><testcase classname="tests.test_orion_portrait.TestGetDailyPortrait" name="test_cache_hit_does_not_regenerate" time="0.004" /><testcase classname="tests.test_orion_portrait.TestSeedOrionConfig" name="test_seed_creates_db" time="0.741" /><testcase classname="tests.test_orion_portrait.TestOrionConfigDb" name="test_raises_for_missing_db" time="0.004" /><testcase classname="tests.test_orion_portrait.TestOrionConfigDb" name="test_invalid_mode_raises_or_falls_back" time="0.727" /><testcase classname="tests.test_orion_portrait.TestSeedOrionConfig" name="test_seed_creates_all_three_modes" time="0.675" /><testcase classname="tests.test_package_ci_contract" name="test_package_metadata_includes_legacy_shim_module" time="0.002" /><testcase classname="tests.test_package_ci_contract" name="test_ci_builds_checks_and_publishes_both_distribution_formats" time="0.001" /><testcase classname="tests.test_package_ci_contract" name="test_ci_validates_the_exact_wheel_with_runtime_dependencies_outside_checkout" time="0.001" /><testcase classname="tests.test_package_ci_contract" name="test_package_validation_tools_enforce_offline_reports_and_exclusions" time="0.001" /><testcase classname="tests.test_parallel_runner_contract" name="test_parallel_runner_contract_is_declared" time="0.001" /><testcase classname="tests.test_parallel_runner_contract" name="test_canonical_ci_enables_parallel_runner" time="0.001" /><testcase classname="tests.test_parallel_runner_contract" name="test_build_command_composes_policy_exclusions_with_repository_marker_defaults" time="0.004" /><testcase classname="tests.test_parallel_runner_contract" name="test_parallel_command_uses_policy_declared_bounded_worker_count" time="0.002" /><testcase classname="tests.test_parallel_runner_contract" name="test_main_propagates_worker_failure" time="0.003" /><testcase classname="tests.test_policy_auditor" name="test_compliant_config_all_pass" time="0.010" /><testcase classname="tests.test_policy_auditor" name="test_orphaned_policy_id_linkage_warn" time="0.003" /><testcase classname="tests.test_policy_auditor" name="test_missing_qpu_cap_warns" time="0.001" /><testcase classname="tests.test_policy_auditor" name="test_backup_drift_warns" time="0.005" /><testcase classname="tests.test_policy_auditor" name="test_missing_schema_key_monthly_fails" time="0.002" /><testcase classname="tests.test_policy_auditor" name="test_run_all_checks_returns_fail_when_schema_fails" time="0.006" /><testcase classname="tests.test_policy_auditor" name="test_run_all_checks_overall_warn_when_cap_missing" time="0.010" /><testcase classname="tests.test_policy_auditor" name="test_description_allowed_on_daily_entry" time="0.002" /><testcase classname="tests.test_policy_auditor" name="test_depletion_threshold_pct_allowed_on_daily_entry" time="0.001" /><testcase classname="tests.test_policy_auditor" name="test_truly_unknown_key_on_daily_entry_warns" time="0.001" /><testcase classname="tests.test_qec_examples" name="test_repetition_code_corrects_one_x_fault_with_structured_result" time="0.009" /><testcase classname="tests.test_qec_examples" name="test_surface_code_corrects_one_x_or_z_fault" time="0.003" /><testcase classname="tests.test_qec_examples" name="test_repetition_code_reports_ambiguous_multi_fault_without_guessing" time="0.001" /><testcase classname="tests.test_qec_examples" name="test_qec_inputs_are_validated_before_execution" time="0.001" /><testcase classname="tests.test_qec_examples" name="test_strict_mode_raises_for_expected_uncorrectable_fault" time="0.001" /><testcase classname="tests.test_qec_examples" name="test_aer_execution_is_deterministic_and_returns_counts" time="0.004" /><testcase classname="tests.test_qec_examples" name="test_surface_code_aer_execution_is_deterministic" time="0.004" /><testcase classname="tests.test_qec_validation" name="test_validation_config_requires_odd_distance_and_bounded_fault_rates" time="0.001" /><testcase classname="tests.test_qec_validation" name="test_decoder_distinguishes_clean_single_fault_ambiguous_and_malformed" time="0.001" /><testcase classname="tests.test_qec_validation" name="test_repeated_round_simulation_emits_versioned_provenance_contract" time="0.002" /><testcase classname="tests.test_qec_validation" name="test_fixed_matrix_covers_all_approved_distances_rounds_and_fault_rates" time="0.009" /><testcase classname="tests.test_qec_validation" name="test_checked_in_baseline_detects_tolerance_version_or_result_drift" time="0.010" /><testcase classname="tests.test_qec_validation" name="test_validation_replay_uses_normalized_qec_replay_contract" time="0.001" /><testcase classname="tests.test_qkd_bb84" name="test_module_exports_required_symbols" time="0.001" /><testcase classname="tests.test_qkd_bb84.TestAliceEncoding" name="test_z_basis_bit0_is_ground_state" time="0.001" /><testcase classname="tests.test_qkd_bb84.TestAliceEncoding" name="test_z_basis_bit1_is_excited_state" time="0.001" /><testcase classname="tests.test_qkd_bb84.TestAliceEncoding" name="test_x_basis_bit0_is_plus_state" time="0.001" /><testcase classname="tests.test_qkd_bb84.TestAliceEncoding" name="test_x_basis_bit1_is_minus_state" time="0.002" /><testcase classname="tests.test_qkd_bb84.TestAliceEncoding" name="test_all_states_are_normalised" time="0.002" /><testcase classname="tests.test_qkd_bb84.TestBobMeasurement" name="test_matching_z_basis_deterministic" time="0.002" /><testcase classname="tests.test_qkd_bb84.TestBobMeasurement" name="test_matching_x_basis_deterministic" time="0.002" /><testcase classname="tests.test_qkd_bb84.TestBobMeasurement" name="test_mismatched_basis_approx_50_50" time="0.003" /><testcase classname="tests.test_qkd_bb84.TestBobMeasurement" name="test_mismatched_basis_has_both_outcomes" time="0.003" /><testcase classname="tests.test_qkd_bb84.TestSifting" name="test_sifted_key_length_approx_half_raw[64]" time="0.002" /><testcase classname="tests.test_qkd_bb84.TestSifting" name="test_sifted_key_length_approx_half_raw[128]" time="0.002" /><testcase classname="tests.test_qkd_bb84.TestSifting" name="test_sifted_key_length_approx_half_raw[256]" time="0.002" /><testcase classname="tests.test_qkd_bb84.TestSifting" name="test_sifted_keys_same_length[64]" time="0.001" /><testcase classname="tests.test_qkd_bb84.TestSifting" name="test_sifted_keys_same_length[128]" time="0.002" /><testcase classname="tests.test_qkd_bb84.TestSifting" name="test_sifted_keys_same_length[256]" time="0.003" /><testcase classname="tests.test_qkd_bb84.TestSifting" name="test_result_contains_required_fields" time="0.002" /><testcase classname="tests.test_qkd_bb84.TestQBERNoEve" name="test_no_eve_qber_below_threshold[64]" time="0.001" /><testcase classname="tests.test_qkd_bb84.TestQBERNoEve" name="test_no_eve_qber_below_threshold[128]" time="0.002" /><testcase classname="tests.test_qkd_bb84.TestQBERNoEve" name="test_no_eve_qber_below_threshold[256]" time="0.002" /><testcase classname="tests.test_qkd_bb84.TestQBERNoEve" name="test_no_eve_keys_match_exactly" time="0.002" /><testcase classname="tests.test_qkd_bb84.TestQBEREve" name="test_eve_qber_above_threshold[64]" time="0.006" /><testcase classname="tests.test_qkd_bb84.TestQBEREve" name="test_eve_qber_above_threshold[128]" time="0.009" /><testcase classname="tests.test_qkd_bb84.TestQBEREve" name="test_eve_qber_above_threshold[256]" time="0.021" /><testcase classname="tests.test_qkd_bb84.TestQBEREve" name="test_eve_keys_differ_from_alice" time="0.017" /><testcase classname="tests.test_qkd_bb84.TestCalculateQber" name="test_correct_fraction" time="0.001" /><testcase classname="tests.test_qkd_bb84.TestCalculateQber" name="test_zero_on_matching_keys" time="0.001" /><testcase classname="tests.test_qkd_bb84.TestCalculateQber" name="test_one_on_all_errors" time="0.001" /><testcase classname="tests.test_qkd_bb84.TestCalculateQber" name="test_empty_keys_returns_zero" time="0.001" /><testcase classname="tests.test_qkd_bb84.TestQiskitAerBackend" name="test_qiskit_no_eve_qber_below_threshold[64]" time="0.932" /><testcase classname="tests.test_orion_portrait.TestSeedOrionConfig" name="test_seed_is_idempotent_no_duplicate_rows" time="0.501" /><testcase classname="tests.test_orion_portrait.TestSeedOrionConfig" name="test_seed_prompts_are_non_empty" time="0.380" /><testcase classname="tests.test_orion_portrait.TestPortraitCaching" name="test_cache_filename_format" time="0.008" /><testcase classname="tests.test_orion_portrait.TestPortraitCaching" name="test_prune_keeps_at_most_3_portraits" time="0.009" /><testcase classname="tests.test_orion_portrait.TestPortraitCaching" name="test_prune_retains_newest_files" time="0.007" /><testcase classname="tests.test_orion_portrait.TestFallbackChain" name="test_svg_fallback_when_all_apis_fail" time="0.005" /><testcase classname="tests.test_qkd_bb84.TestQiskitAerBackend" name="test_qiskit_no_eve_qber_below_threshold[128]" time="0.212" /><testcase classname="tests.test_orion_portrait.TestFallbackChain" name="test_svg_fallback_content_is_valid_svg" time="0.007" /><testcase classname="tests.test_orion_portrait.TestPortraitImgTag" name="test_returns_img_tag[idle]" time="1.526" /><testcase classname="tests.test_qkd_bb84.TestQiskitAerBackend" name="test_qiskit_no_eve_qber_below_threshold[256]" time="0.316" /><testcase classname="tests.test_qkd_bb84.TestQiskitAerBackend" name="test_qiskit_no_eve_keys_match_exactly[64]" time="0.167" /><testcase classname="tests.test_qkd_bb84.TestQiskitAerBackend" name="test_qiskit_no_eve_keys_match_exactly[128]" time="0.231" /><testcase classname="tests.test_qkd_bb84.TestQiskitAerBackend" name="test_qiskit_no_eve_keys_match_exactly[256]" time="0.298" /><testcase classname="tests.test_qkd_bb84.TestQiskitAerBackend" name="test_qiskit_sifted_key_length_approx_half_raw[64]" time="0.195" /><testcase classname="tests.test_qkd_bb84.TestQiskitAerBackend" name="test_qiskit_sifted_key_length_approx_half_raw[128]" time="0.208" /><testcase classname="tests.test_orion_portrait.TestPortraitImgTag" name="test_returns_img_tag[active]" time="2.646" /><testcase classname="tests.test_qkd_bb84.TestQiskitAerBackend" name="test_qiskit_sifted_key_length_approx_half_raw[256]" time="0.331" /><testcase classname="tests.test_qkd_bb84.TestQiskitAerBackend" name="test_qiskit_eve_qber_above_threshold[64]" time="3.373" /><testcase classname="tests.test_orion_portrait.TestPortraitImgTag" name="test_returns_img_tag[result_ready]" time="36.443" /><testcase classname="tests.test_qkd_bb84.TestQiskitAerBackend" name="test_qiskit_eve_qber_above_threshold[128]" time="4.591" /><testcase classname="tests.test_qkd_bb84.TestQiskitAerBackend" name="test_qiskit_eve_qber_above_threshold[256]" time="6.370" /><testcase classname="tests.test_quantum_kernel_svm" name="test_grouped_holdout_is_reproducible_and_has_disjoint_subjects" time="0.211" /><testcase classname="tests.test_quantum_kernel_svm" name="test_subject_provenance_is_salted_full_digest_and_not_a_truncated_hash" time="0.084" /><testcase classname="tests.test_quantum_kernel_svm" name="test_approval_manifest_is_deny_by_default_and_requires_explicit_cli_approval" time="0.001" /><testcase classname="tests.test_quantum_kernel_svm" name="test_approval_manifest_does_not_authorize_real_data" time="0.001" /><testcase classname="tests.test_quantum_kernel_svm" name="test_leakage_check_rejects_subject_feature_overlap" time="0.001" /><testcase classname="tests.test_quantum_walk_music" name="test_note_to_freq_octaves" time="0.001" /><testcase classname="tests.test_quantum_walk_music" name="test_parse_key_naturals" time="0.001" /><testcase classname="tests.test_quantum_walk_music" name="test_parse_key_sharps_and_flats" time="0.001" /><testcase classname="tests.test_quantum_walk_music" name="test_position_to_midi_pentatonic" time="0.001" /><testcase classname="tests.test_quantum_walk_music" name="test_walk_output_files" time="0.014" /><testcase classname="tests.test_quantum_walk_music" name="test_html_generated" time="0.006" /><testcase classname="tests.test_quantum_walk_music" name="test_quantum_walk_circuit_structure" time="0.002" /><testcase classname="tests.test_randomness_service_contract" name="test_health_and_status_are_public_and_status_does_not_leak_secret" time="0.011" /><testcase classname="tests.test_randomness_service_contract" name="test_openapi_contract_and_swagger_ui_are_public_and_document_protected_operations" time="0.008" /><testcase classname="tests.test_randomness_service_contract" name="test_randomness_service_docs_include_operator_prerequisites_and_setup_endpoint" time="0.002" /><testcase classname="tests.test_randomness_service_contract" name="test_bytes_requires_bearer_token_and_returns_requested_length" time="0.005" /><testcase classname="tests.test_randomness_service_contract" name="test_bits_integer_and_bool_endpoints_return_typed_json" time="0.005" /><testcase classname="tests.test_randomness_service_contract" name="test_ints_rejects_out_of_range_candidate_before_accepting_next_candidate" time="0.005" /><testcase classname="tests.test_randomness_service_contract" name="test_worker_environment_excludes_api_bearer_token_and_preserves_worker_credentials" time="0.001" /><testcase classname="tests.test_randomness_service_contract" name="test_machine_environments_split_api_auth_and_verified_cache_configuration" time="0.073" /><testcase classname="tests.test_randomness_service_contract" name="test_bits_endpoint_accepts_documented_maximum_and_rejects_above_it" time="0.005" /><testcase classname="tests.test_randomness_service_contract" name="test_request_size_limit_is_one_kibibyte" time="0.004" /><testcase classname="tests.test_randomness_service_contract" name="test_rate_limiter_enforces_minute_and_hour_buckets" time="0.001" /><testcase classname="tests.test_randomness_service_contract" name="test_signed_manifest_verification_retains_last_verified_generation" time="0.153" /><testcase classname="tests.test_randomness_service_contract" name="test_api_store_refreshes_from_worker_published_manifest_and_retains_local_fallback" time="0.185" /><testcase classname="tests.test_randomness_service_contract" name="test_api_reads_manifest_url_without_worker_provider_credentials" time="0.006" /><testcase classname="tests.test_randomness_service_contract" name="test_status_remains_available_when_remote_manifest_and_local_fallback_are_missing" time="0.006" /><testcase classname="tests.test_randomness_service_contract" name="test_invalid_retained_manifest_timestamp_reports_unavailable" time="0.013" /><testcase classname="tests.test_randomness_service_contract" name="test_malformed_signed_manifest_reports_unavailable_instead_of_raising[bits-value0]" time="0.012" /><testcase classname="tests.test_randomness_service_contract" name="test_malformed_signed_manifest_reports_unavailable_instead_of_raising[generation-value1]" time="0.012" /><testcase classname="tests.test_randomness_service_contract" name="test_malformed_signed_manifest_reports_unavailable_instead_of_raising[generated_at-value2]" time="0.013" /><testcase classname="tests.test_randomness_service_contract" name="test_fly_config_uses_production_wsgi_and_worker_only_secret_contract" time="0.002" /><testcase classname="tests.test_randomness_service_contract" name="test_api_deployment_contract_is_one_machine_with_shared_consumption_volume" time="0.002" /><testcase classname="tests.test_randomness_service_contract" name="test_production_deploy_rejects_missing_bearer_secret_before_fly_call" time="0.521" /><testcase classname="tests.test_randomness_service_contract" name="test_single_fly_machine_owns_api_and_worker_with_worker_only_credentials" time="0.002" /><testcase classname="tests.test_randomness_service_contract" name="test_rate_limit_contract_uses_one_gunicorn_worker_everywhere" time="0.002" /><testcase classname="tests.test_randomness_service_contract" name="test_pyproject_discovers_service_package_and_declares_runtime_dependencies" time="0.001" /><testcase classname="tests.test_randomness_service_contract" name="test_docker_build_context_includes_declared_project_metadata" time="0.002" /><testcase classname="tests.test_randomness_service_contract" name="test_randomness_service_diagram_shows_sqlite_consumption_inside_persistent_boundary" time="0.001" /><testcase classname="tests.test_randomness_service_contract" name="test_stale_verified_cache_is_reported_as_stale" time="0.073" /><testcase classname="tests.test_randomness_service_contract" name="test_stale_verified_cache_never_supplies_entropy_bytes" time="0.065" /><testcase classname="tests.test_randomness_service_contract" name="test_cache_io_failure_returns_csprng_bytes_with_unavailable_provenance" time="0.052" /><testcase classname="tests.test_randomness_service_contract" name="test_fresh_verified_generation_is_consumed_sequentially" time="0.507" /><testcase classname="tests.test_randomness_service_contract" name="test_fresh_verified_generation_coordinates_consumption_across_store_instances" time="0.416" /><testcase classname="tests.test_randomness_service_contract" name="test_exhausted_fresh_generation_reports_unavailable_csprng_provenance" time="0.324" /><testcase classname="tests.test_randomness_service_contract" name="test_worker_refills_at_or_below_twenty_five_percent" time="0.001" /><testcase classname="tests.test_randomness_service_contract" name="test_scheduled_worker_refills_after_shared_consumption_crosses_threshold" time="0.395" /><testcase classname="tests.test_randomness_service_contract" name="test_fresh_deployment_initializes_ledger_without_unconditional_scheduled_refill" time="0.434" /><testcase classname="tests.test_randomness_service_contract" name="test_worker_publishes_pending_manifest_then_promotes_it" time="0.001" /><testcase classname="tests.test_randomness_service_contract" name="test_tigris_publisher_builds_s3_client_from_worker_environment" time="0.001" /><testcase classname="tests.test_randomness_service_contract" name="test_ibm_provider_reads_credentials_only_when_worker_runs" time="0.001" /><testcase classname="tests.test_randomness_service_contract" name="test_run_refill_once_is_policy_gated_and_keeps_previous_generation_on_remote_failure" time="0.080" /><testcase classname="tests.test_randomness_service_contract" name="test_monthly_schedule_rolls_forward_in_utc" time="0.002" /><testcase classname="tests.test_run_shors_bench" name="test_run_shors_bench_uses_result_get_counts" time="1.952" /><testcase classname="tests.test_run_shors_bench" name="test_run_shors_bench_job_wired_through_retry_supervisor" time="1.669" /><testcase classname="tests.test_run_shors_bench" name="test_run_shors_bench_permanent_job_failure_raises_and_records_status" time="23.138" /><testcase classname="tests.test_orion_portrait.TestPortraitImgTag" name="test_img_tag_contains_orion_label" time="2.085" /><testcase classname="tests.test_orion_portrait.TestDashboardIntegration" name="test_generate_html_contains_orion_portrait" time="0.625" /><testcase classname="tests.test_orion_portrait.TestDashboardIntegration" name="test_generate_html_contains_edit_button" time="0.641" /><testcase classname="tests.test_orion_portrait.TestOrionConfigDb" name="test_returns_strings_for_each_mode[idle]" time="0.391" /><testcase classname="tests.test_orion_portrait.TestOrionConfigDb" name="test_returns_strings_for_each_mode[active]" time="0.390" /><testcase classname="tests.test_quantum_kernel_svm" name="test_persisted_evidence_contains_aggregates_but_no_rows_or_predictions" time="0.051" /><testcase classname="tests.test_quantum_kernel_svm" name="test_real_data_episode_contract_defers_execution_until_sufficiency_is_proven" time="0.002" /><testcase classname="tests.test_quantum_kernel_svm" name="test_real_data_episode_contract_accepts_only_aggregate_handoff" time="0.001" /><testcase classname="tests.test_quantum_kernel_svm" name="test_real_data_episode_contract_rejects_rows_identifiers_predictions_and_nutrition" time="0.001" /><testcase classname="tests.test_quantum_toolkit_public_api" name="test_quantum_toolkit_exports_only_stable_random_api" time="0.001" /><testcase classname="tests.test_quantum_toolkit_public_api" name="test_public_api_import_does_not_load_the_cache" time="0.115" /><testcase classname="tests.test_quantum_toolkit_public_api" name="test_legacy_quantum_rt_shim_warns_and_forwards_public_functions" time="0.002" /><testcase classname="tests.test_quantum_toolkit_public_api" name="test_regular_install_exposes_public_namespace" time="5.503" /><testcase classname="tests.test_run_shors_bench" name="test_main_dashboard_regen_uses_static_mode_with_timeout" time="0.003" /><testcase classname="tests.test_run_vqe_bench" name="test_log_policy_event_writes_policy_events_row" time="0.002" /><testcase classname="tests.test_run_vqe_bench" name="test_shared_qpu_budget_is_loaded_from_execution_policy" time="0.001" /><testcase classname="tests.test_run_vqe_bench" name="test_wall_clock_guard_aborts_remaining_molecules" time="1.740" /><testcase classname="tests.test_run_vqe_bench" name="test_budget_check_falls_back_to_aer_when_shared_budget_exhausted" time="0.002" /><testcase classname="tests.test_run_vqe_bench" name="test_run_all_molecules_qpu_builds_estimator_and_passes_through" time="1.815" /><testcase classname="tests.test_quantum_toolkit_public_api" name="test_editable_install_exposes_public_namespace" time="28.602" /><testcase classname="tests.test_run_vqe_bench" name="test_run_all_molecules_forwards_ansatz_and_seed" time="2.250" /><testcase classname="tests.test_run_vqe_bench" name="test_run_all_molecules_wired_through_retry_supervisor_records_status" time="2.869" /><testcase classname="tests.test_run_vqe_bench" name="test_run_all_molecules_permanent_job_failure_keeps_partial_success" time="23.481" /><testcase classname="tests.test_shor_ideal_noisy_analysis" name="test_analyze_trials_reports_success_wilson_and_order_statistics" time="0.003" /><testcase classname="tests.test_shor_ideal_noisy_analysis" name="test_run_seeded_replay_is_deterministic_and_separates_modes" time="0.002" /><testcase classname="tests.test_shor_ideal_noisy_analysis" name="test_persist_replay_results_writes_one_provenance_row_per_mode" time="1.848" /><testcase classname="tests.test_quantum_walk_music" name="test_scale_definitions" time="0.002" /><testcase classname="tests.test_quantum_walk_music" name="test_note_to_freq" time="0.002" /><testcase classname="tests.test_smoke" name="test_smoke_imports" time="0.001" /><testcase classname="tests.test_vqe" name="test_h2_chemical_accuracy" time="0.361" /><testcase classname="tests.test_vqe" name="test_bounded_fixture_and_ansatz_contract" time="0.001" /><testcase classname="tests.test_vqe" name="test_efficient_su2_builder_is_deterministic" time="0.006" /><testcase classname="tests.test_shor_ideal_noisy_analysis" name="test_run_benchmark_defaults_to_100_offline_repetitions" time="0.008" /></testsuite></testsuites>